<?xml version="1.0" encoding="UTF-8"?>
<!-- Generated by org.testng.reporters.JUnitReportReporter -->
<testsuite skipped="0" hostname="DESKTOP-PJ5JRQT" name="com.test.jiomart.JioMart" tests="4" failures="0" timestamp="02 Aug 2024 14:43:28 GMT" time="90.853" errors="0">
  <testcase name="jioMartt" time="28.337" classname="com.test.jiomart.JioMart"/>
  <testcase name="jioMartt" time="28.759" classname="com.test.jiomart.JioMart"/>
  <testcase name="test" time="5.871" classname="com.test.jiomart.JioMart"/>
  <testcase name="jioMartt" time="27.886" classname="com.test.jiomart.JioMart"/>
</testsuite> <!-- com.test.jiomart.JioMart -->
